# JRE version: OpenJDK Runtime Environment Temurin-21.0.11+10 (21.0.11+10) (build 21.0.11+10-LTS)
# Java VM: OpenJDK 64-Bit Server VM Temurin-21.0.11+10 (21.0.11+10-LTS, mixed mode, sharing, tiered, compressed oops, compressed class ptrs, parallel gc, windows-amd64)
GC Precious Log:
 CardTable entry size: 512
 CPUs: 12 total, 12 available
 Memory: 7915M
 Large Page Support: Disabled
 NUMA Support: Disabled
 Compressed Oops: Enabled (32-bit)
 Alignments: Space 512K, Generation 512K, Heap 2M
 Heap Min Capacity: 100M
 Heap Initial Capacity: 100M
 Heap Max Capacity: 2G
 Pre-touch: Disabled
 Parallel Workers: 10
Heap:
 PSYoungGen      total 9216K, used 5115K [0x00000000d5580000, 0x00000000d6280000, 0x0000000100000000)
  eden space 8192K, 50% used [0x00000000d5580000,0x00000000d5980398,0x00000000d5d80000)
  from space 1024K, 99% used [0x00000000d5d80000,0x00000000d5e7e900,0x00000000d5e80000)
  to   space 2048K, 0% used [0x00000000d6080000,0x00000000d6080000,0x00000000d6280000)
 ParOldGen       total 602624K, used 602489K [0x0000000080000000, 0x00000000a4c80000, 0x00000000d5580000)
  object space 602624K, 99% used [0x0000000080000000,0x00000000a4c5e540,0x00000000a4c80000)
 Metaspace       used 108325K, committed 110272K, reserved 1179648K
  class space    used 10289K, committed 11200K, reserved 1048576K
GC Heap History (20 events):
Event: 117542.953 GC heap before
{Heap before GC invocations=57981 (full 71):
 PSYoungGen      total 6144K, used 6141K [0x00000000d5580000, 0x00000000d6180000, 0x0000000100000000)
  eden space 5120K, 100% used [0x00000000d5580000,0x00000000d5a80000,0x00000000d5a80000)
  from space 1024K, 99% used [0x00000000d5a80000,0x00000000d5b7f4a0,0x00000000d5b80000)
  to   space 3584K, 0% used [0x00000000d5e00000,0x00000000d5e00000,0x00000000d6180000)
 ParOldGen       total 588800K, used 588403K [0x0000000080000000, 0x00000000a3f00000, 0x00000000d5580000)
  object space 588800K, 99% used [0x0000000080000000,0x00000000a3e9cc68,0x00000000a3f00000)
 Metaspace       used 108202K, committed 110272K, reserved 1179648K
  class space    used 10270K, committed 11200K, reserved 1048576K
}
Event: 117542.956 GC heap after
{Heap after GC invocations=57981 (full 71):
 PSYoungGen      total 8704K, used 3263K [0x00000000d5580000, 0x00000000d6180000, 0x0000000100000000)
  eden space 5120K, 0% used [0x00000000d5580000,0x00000000d5580000,0x00000000d5a80000)
  from space 3584K, 91% used [0x00000000d5e00000,0x00000000d612ffb8,0x00000000d6180000)
  to   space 3584K, 0% used [0x00000000d5a80000,0x00000000d5a80000,0x00000000d5e00000)
 ParOldGen       total 589824K, used 589438K [0x0000000080000000, 0x00000000a4000000, 0x00000000d5580000)
  object space 589824K, 99% used [0x0000000080000000,0x00000000a3f9f9b8,0x00000000a4000000)
 Metaspace       used 108202K, committed 110272K, reserved 1179648K
  class space    used 10270K, committed 11200K, reserved 1048576K
}
Event: 117542.961 GC heap before
{Heap before GC invocations=57982 (full 71):
 PSYoungGen      total 8704K, used 8383K [0x00000000d5580000, 0x00000000d6180000, 0x0000000100000000)
  eden space 5120K, 100% used [0x00000000d5580000,0x00000000d5a80000,0x00000000d5a80000)
  from space 3584K, 91% used [0x00000000d5e00000,0x00000000d612ffb8,0x00000000d6180000)
  to   space 3584K, 0% used [0x00000000d5a80000,0x00000000d5a80000,0x00000000d5e00000)
 ParOldGen       total 589824K, used 589438K [0x0000000080000000, 0x00000000a4000000, 0x00000000d5580000)
  object space 589824K, 99% used [0x0000000080000000,0x00000000a3f9f9b8,0x00000000a4000000)
 Metaspace       used 108202K, committed 110272K, reserved 1179648K
  class space    used 10270K, committed 11200K, reserved 1048576K
}
Event: 117542.964 GC heap after
{Heap after GC invocations=57982 (full 71):
 PSYoungGen      total 5632K, used 96K [0x00000000d5580000, 0x00000000d5e80000, 0x0000000100000000)
  eden space 5120K, 0% used [0x00000000d5580000,0x00000000d5580000,0x00000000d5a80000)
  from space 512K, 18% used [0x00000000d5a80000,0x00000000d5a98000,0x00000000d5b00000)
  to   space 1536K, 0% used [0x00000000d5d00000,0x00000000d5d00000,0x00000000d5e80000)
 ParOldGen       total 593408K, used 593091K [0x0000000080000000, 0x00000000a4380000, 0x00000000d5580000)
  object space 593408K, 99% used [0x0000000080000000,0x00000000a4330f68,0x00000000a4380000)
 Metaspace       used 108202K, committed 110272K, reserved 1179648K
  class space    used 10270K, committed 11200K, reserved 1048576K
}
Event: 117543.016 GC heap before
{Heap before GC invocations=57983 (full 71):
 PSYoungGen      total 5632K, used 5216K [0x00000000d5580000, 0x00000000d5e80000, 0x0000000100000000)
  eden space 5120K, 100% used [0x00000000d5580000,0x00000000d5a80000,0x00000000d5a80000)
  from space 512K, 18% used [0x00000000d5a80000,0x00000000d5a98000,0x00000000d5b00000)
  to   space 1536K, 0% used [0x00000000d5d00000,0x00000000d5d00000,0x00000000d5e80000)
 ParOldGen       total 593408K, used 593091K [0x0000000080000000, 0x00000000a4380000, 0x00000000d5580000)
  object space 593408K, 99% used [0x0000000080000000,0x00000000a4330f68,0x00000000a4380000)
 Metaspace       used 108202K, committed 110272K, reserved 1179648K
  class space    used 10270K, committed 11200K, reserved 1048576K
}
Event: 117543.019 GC heap after
{Heap after GC invocations=57983 (full 71):
 PSYoungGen      total 6144K, used 640K [0x00000000d5580000, 0x00000000d5e00000, 0x0000000100000000)
  eden space 5120K, 0% used [0x00000000d5580000,0x00000000d5580000,0x00000000d5a80000)
  from space 1024K, 62% used [0x00000000d5d00000,0x00000000d5da0000,0x00000000d5e00000)
  to   space 1024K, 0% used [0x00000000d5c00000,0x00000000d5c00000,0x00000000d5d00000)
 ParOldGen       total 593408K, used 593091K [0x0000000080000000, 0x00000000a4380000, 0x00000000d5580000)
  object space 593408K, 99% used [0x0000000080000000,0x00000000a4330f68,0x00000000a4380000)
 Metaspace       used 108202K, committed 110272K, reserved 1179648K
  class space    used 10270K, committed 11200K, reserved 1048576K
}
Event: 117547.453 GC heap before
{Heap before GC invocations=57984 (full 71):
 PSYoungGen      total 6144K, used 5760K [0x00000000d5580000, 0x00000000d5e00000, 0x0000000100000000)
  eden space 5120K, 100% used [0x00000000d5580000,0x00000000d5a80000,0x00000000d5a80000)
  from space 1024K, 62% used [0x00000000d5d00000,0x00000000d5da0000,0x00000000d5e00000)
  to   space 1024K, 0% used [0x00000000d5c00000,0x00000000d5c00000,0x00000000d5d00000)
 ParOldGen       total 593408K, used 593091K [0x0000000080000000, 0x00000000a4380000, 0x00000000d5580000)
  object space 593408K, 99% used [0x0000000080000000,0x00000000a4330f68,0x00000000a4380000)
 Metaspace       used 108202K, committed 110272K, reserved 1179648K
  class space    used 10270K, committed 11200K, reserved 1048576K
}
Event: 117547.457 GC heap after
{Heap after GC invocations=57984 (full 71):
 PSYoungGen      total 6144K, used 794K [0x00000000d5580000, 0x00000000d5d80000, 0x0000000100000000)
  eden space 5120K, 0% used [0x00000000d5580000,0x00000000d5580000,0x00000000d5a80000)
  from space 1024K, 77% used [0x00000000d5c00000,0x00000000d5cc6900,0x00000000d5d00000)
  to   space 512K, 0% used [0x00000000d5d00000,0x00000000d5d00000,0x00000000d5d80000)
 ParOldGen       total 593920K, used 593576K [0x0000000080000000, 0x00000000a4400000, 0x00000000d5580000)
  object space 593920K, 99% used [0x0000000080000000,0x00000000a43aa1b8,0x00000000a4400000)
 Metaspace       used 108202K, committed 110272K, reserved 1179648K
  class space    used 10270K, committed 11200K, reserved 1048576K
}
Event: 117547.473 GC heap before
{Heap before GC invocations=57985 (full 71):
 PSYoungGen      total 6144K, used 5866K [0x00000000d5580000, 0x00000000d5d80000, 0x0000000100000000)
  eden space 5120K, 99% used [0x00000000d5580000,0x00000000d5a742b0,0x00000000d5a80000)
  from space 1024K, 77% used [0x00000000d5c00000,0x00000000d5cc6900,0x00000000d5d00000)
  to   space 512K, 0% used [0x00000000d5d00000,0x00000000d5d00000,0x00000000d5d80000)
 ParOldGen       total 593920K, used 593576K [0x0000000080000000, 0x00000000a4400000, 0x00000000d5580000)
  object space 593920K, 99% used [0x0000000080000000,0x00000000a43aa1b8,0x00000000a4400000)
 Metaspace       used 108202K, committed 110272K, reserved 1179648K
  class space    used 10270K, committed 11200K, reserved 1048576K
}
Event: 117547.475 GC heap after
{Heap after GC invocations=57985 (full 71):
 PSYoungGen      total 5632K, used 499K [0x00000000d5580000, 0x00000000d5d80000, 0x0000000100000000)
  eden space 5120K, 0% used [0x00000000d5580000,0x00000000d5580000,0x00000000d5a80000)
  from space 512K, 97% used [0x00000000d5d00000,0x00000000d5d7cca0,0x00000000d5d80000)
  to   space 1024K, 0% used [0x00000000d5b80000,0x00000000d5b80000,0x00000000d5c80000)
 ParOldGen       total 594432K, used 594011K [0x0000000080000000, 0x00000000a4480000, 0x00000000d5580000)
  object space 594432K, 99% used [0x0000000080000000,0x00000000a4416db0,0x00000000a4480000)
 Metaspace       used 108202K, committed 110272K, reserved 1179648K
  class space    used 10270K, committed 11200K, reserved 1048576K
}
Event: 117547.488 GC heap before
{Heap before GC invocations=57986 (full 71):
 PSYoungGen      total 5632K, used 5294K [0x00000000d5580000, 0x00000000d5d80000, 0x0000000100000000)
  eden space 5120K, 93% used [0x00000000d5580000,0x00000000d5a2eb80,0x00000000d5a80000)
  from space 512K, 97% used [0x00000000d5d00000,0x00000000d5d7cca0,0x00000000d5d80000)
  to   space 1024K, 0% used [0x00000000d5b80000,0x00000000d5b80000,0x00000000d5c80000)
 ParOldGen       total 594432K, used 594011K [0x0000000080000000, 0x00000000a4480000, 0x00000000d5580000)
  object space 594432K, 99% used [0x0000000080000000,0x00000000a4416db0,0x00000000a4480000)
 Metaspace       used 108202K, committed 110272K, reserved 1179648K
  class space    used 10270K, committed 11200K, reserved 1048576K
}
Event: 117547.492 GC heap after
{Heap after GC invocations=57986 (full 71):
 PSYoungGen      total 6144K, used 1013K [0x00000000d5580000, 0x00000000d6580000, 0x0000000100000000)
  eden space 5120K, 0% used [0x00000000d5580000,0x00000000d5580000,0x00000000d5a80000)
  from space 1024K, 99% used [0x00000000d5b80000,0x00000000d5c7d7e0,0x00000000d5c80000)
  to   space 5632K, 0% used [0x00000000d6000000,0x00000000d6000000,0x00000000d6580000)
 ParOldGen       total 598016K, used 597576K [0x0000000080000000, 0x00000000a4800000, 0x00000000d5580000)
  object space 598016K, 99% used [0x0000000080000000,0x00000000a4792010,0x00000000a4800000)
 Metaspace       used 108202K, committed 110272K, reserved 1179648K
  class space    used 10270K, committed 11200K, reserved 1048576K
}
Event: 117547.504 GC heap before
{Heap before GC invocations=57987 (full 71):
 PSYoungGen      total 6144K, used 6133K [0x00000000d5580000, 0x00000000d6580000, 0x0000000100000000)
  eden space 5120K, 100% used [0x00000000d5580000,0x00000000d5a80000,0x00000000d5a80000)
  from space 1024K, 99% used [0x00000000d5b80000,0x00000000d5c7d7e0,0x00000000d5c80000)
  to   space 5632K, 0% used [0x00000000d6000000,0x00000000d6000000,0x00000000d6580000)
 ParOldGen       total 598016K, used 597576K [0x0000000080000000, 0x00000000a4800000, 0x00000000d5580000)
  object space 598016K, 99% used [0x0000000080000000,0x00000000a4792010,0x00000000a4800000)
 Metaspace       used 108202K, committed 110272K, reserved 1179648K
  class space    used 10270K, committed 11200K, reserved 1048576K
}
Event: 117547.508 GC heap after
{Heap after GC invocations=57987 (full 71):
 PSYoungGen      total 9216K, used 3722K [0x00000000d5580000, 0x00000000d6400000, 0x0000000100000000)
  eden space 5120K, 0% used [0x00000000d5580000,0x00000000d5580000,0x00000000d5a80000)
  from space 4096K, 90% used [0x00000000d6000000,0x00000000d63a2810,0x00000000d6400000)
  to   space 4096K, 0% used [0x00000000d5c00000,0x00000000d5c00000,0x00000000d6000000)
 ParOldGen       total 599040K, used 598615K [0x0000000080000000, 0x00000000a4900000, 0x00000000d5580000)
  object space 599040K, 99% used [0x0000000080000000,0x00000000a4895d80,0x00000000a4900000)
 Metaspace       used 108202K, committed 110272K, reserved 1179648K
  class space    used 10270K, committed 11200K, reserved 1048576K
}
Event: 117547.514 GC heap before
{Heap before GC invocations=57988 (full 71):
 PSYoungGen      total 9216K, used 8842K [0x00000000d5580000, 0x00000000d6400000, 0x0000000100000000)
  eden space 5120K, 100% used [0x00000000d5580000,0x00000000d5a80000,0x00000000d5a80000)
  from space 4096K, 90% used [0x00000000d6000000,0x00000000d63a2810,0x00000000d6400000)
  to   space 4096K, 0% used [0x00000000d5c00000,0x00000000d5c00000,0x00000000d6000000)
 ParOldGen       total 599040K, used 598615K [0x0000000080000000, 0x00000000a4900000, 0x00000000d5580000)
  object space 599040K, 99% used [0x0000000080000000,0x00000000a4895d80,0x00000000a4900000)
 Metaspace       used 108202K, committed 110272K, reserved 1179648K
  class space    used 10270K, committed 11200K, reserved 1048576K
}
Event: 117547.519 GC heap after
{Heap after GC invocations=57988 (full 71):
 PSYoungGen      total 6656K, used 256K [0x00000000d5580000, 0x00000000d6080000, 0x0000000100000000)
  eden space 6144K, 0% used [0x00000000d5580000,0x00000000d5580000,0x00000000d5b80000)
  from space 512K, 50% used [0x00000000d5c00000,0x00000000d5c40000,0x00000000d5c80000)
  to   space 2048K, 0% used [0x00000000d5e80000,0x00000000d5e80000,0x00000000d6080000)
 ParOldGen       total 602112K, used 601881K [0x0000000080000000, 0x00000000a4c00000, 0x00000000d5580000)
  object space 602112K, 99% used [0x0000000080000000,0x00000000a4bc6520,0x00000000a4c00000)
 Metaspace       used 108202K, committed 110272K, reserved 1179648K
  class space    used 10270K, committed 11200K, reserved 1048576K
}
Event: 117547.529 GC heap before
{Heap before GC invocations=57989 (full 71):
 PSYoungGen      total 6656K, used 6400K [0x00000000d5580000, 0x00000000d6080000, 0x0000000100000000)
  eden space 6144K, 100% used [0x00000000d5580000,0x00000000d5b80000,0x00000000d5b80000)
  from space 512K, 50% used [0x00000000d5c00000,0x00000000d5c40000,0x00000000d5c80000)
  to   space 2048K, 0% used [0x00000000d5e80000,0x00000000d5e80000,0x00000000d6080000)
 ParOldGen       total 602112K, used 601881K [0x0000000080000000, 0x00000000a4c00000, 0x00000000d5580000)
  object space 602112K, 99% used [0x0000000080000000,0x00000000a4bc6520,0x00000000a4c00000)
 Metaspace       used 108202K, committed 110272K, reserved 1179648K
  class space    used 10270K, committed 11200K, reserved 1048576K
}
Event: 117547.532 GC heap after
{Heap after GC invocations=57989 (full 71):
 PSYoungGen      total 8704K, used 672K [0x00000000d5580000, 0x00000000d5f80000, 0x0000000100000000)
  eden space 7680K, 0% used [0x00000000d5580000,0x00000000d5580000,0x00000000d5d00000)
  from space 1024K, 65% used [0x00000000d5e80000,0x00000000d5f28000,0x00000000d5f80000)
  to   space 1024K, 0% used [0x00000000d5d80000,0x00000000d5d80000,0x00000000d5e80000)
 ParOldGen       total 602112K, used 601921K [0x0000000080000000, 0x00000000a4c00000, 0x00000000d5580000)
  object space 602112K, 99% used [0x0000000080000000,0x00000000a4bd0520,0x00000000a4c00000)
 Metaspace       used 108202K, committed 110272K, reserved 1179648K
  class space    used 10270K, committed 11200K, reserved 1048576K
}
Event: 117547.549 GC heap before
{Heap before GC invocations=57990 (full 71):
 PSYoungGen      total 8704K, used 8352K [0x00000000d5580000, 0x00000000d5f80000, 0x0000000100000000)
  eden space 7680K, 100% used [0x00000000d5580000,0x00000000d5d00000,0x00000000d5d00000)
  from space 1024K, 65% used [0x00000000d5e80000,0x00000000d5f28000,0x00000000d5f80000)
  to   space 1024K, 0% used [0x00000000d5d80000,0x00000000d5d80000,0x00000000d5e80000)
 ParOldGen       total 602112K, used 601921K [0x0000000080000000, 0x00000000a4c00000, 0x00000000d5580000)
  object space 602112K, 99% used [0x0000000080000000,0x00000000a4bd0520,0x00000000a4c00000)
 Metaspace       used 108203K, committed 110272K, reserved 1179648K
  class space    used 10270K, committed 11200K, reserved 1048576K
}
Event: 117547.552 GC heap after
{Heap after GC invocations=57990 (full 71):
 PSYoungGen      total 9216K, used 1018K [0x00000000d5580000, 0x00000000d6280000, 0x0000000100000000)
  eden space 8192K, 0% used [0x00000000d5580000,0x00000000d5580000,0x00000000d5d80000)
  from space 1024K, 99% used [0x00000000d5d80000,0x00000000d5e7e900,0x00000000d5e80000)
  to   space 2048K, 0% used [0x00000000d6080000,0x00000000d6080000,0x00000000d6280000)
 ParOldGen       total 602624K, used 602489K [0x0000000080000000, 0x00000000a4c80000, 0x00000000d5580000)
  object space 602624K, 99% used [0x0000000080000000,0x00000000a4c5e540,0x00000000a4c80000)
 Metaspace       used 108203K, committed 110272K, reserved 1179648K
  class space    used 10270K, committed 11200K, reserved 1048576K
}

