# JRE version: OpenJDK Runtime Environment Temurin-21.0.11+10 (21.0.11+10) (build 21.0.11+10-LTS)
# Java VM: OpenJDK 64-Bit Server VM Temurin-21.0.11+10 (21.0.11+10-LTS, mixed mode, sharing, tiered, compressed oops, compressed class ptrs, parallel gc, windows-amd64)
GC Precious Log:
 CardTable entry size: 512
 CPUs: 12 total, 12 available
 Memory: 7915M
 Large Page Support: Disabled
 NUMA Support: Disabled
 Compressed Oops: Enabled (32-bit)
 Alignments: Space 512K, Generation 512K, Heap 2M
 Heap Min Capacity: 100M
 Heap Initial Capacity: 100M
 Heap Max Capacity: 2G
 Pre-touch: Disabled
 Parallel Workers: 10
Heap:
 PSYoungGen      total 14336K, used 14004K [0x00000000d5580000, 0x00000000d6600000, 0x0000000100000000)
  eden space 12288K, 100% used [0x00000000d5580000,0x00000000d6180000,0x00000000d6180000)
  from space 2048K, 83% used [0x00000000d6400000,0x00000000d65ad200,0x00000000d6600000)
  to   space 2048K, 0% used [0x00000000d6200000,0x00000000d6200000,0x00000000d6400000)
 ParOldGen       total 112128K, used 111982K [0x0000000080000000, 0x0000000086d80000, 0x00000000d5580000)
  object space 112128K, 99% used [0x0000000080000000,0x0000000086d5b868,0x0000000086d80000)
 Metaspace       used 71047K, committed 72576K, reserved 1114112K
  class space    used 7410K, committed 8064K, reserved 1048576K
GC Heap History (20 events):
Event: 107.764 GC heap before
{Heap before GC invocations=110 (full 3):
 PSYoungGen      total 13824K, used 13796K [0x00000000d5580000, 0x00000000d6900000, 0x0000000100000000)
  eden space 12288K, 100% used [0x00000000d5580000,0x00000000d6180000,0x00000000d6180000)
  from space 1536K, 98% used [0x00000000d6480000,0x00000000d65f9210,0x00000000d6600000)
  to   space 3072K, 0% used [0x00000000d6180000,0x00000000d6180000,0x00000000d6480000)
 ParOldGen       total 102400K, used 102379K [0x0000000080000000, 0x0000000086400000, 0x00000000d5580000)
  object space 102400K, 99% used [0x0000000080000000,0x00000000863facb8,0x0000000086400000)
 Metaspace       used 70532K, committed 72000K, reserved 1114112K
  class space    used 7407K, committed 8064K, reserved 1048576K
}
Event: 107.770 GC heap after
{Heap after GC invocations=110 (full 3):
 PSYoungGen      total 14336K, used 1674K [0x00000000d5580000, 0x00000000d6680000, 0x0000000100000000)
  eden space 12288K, 0% used [0x00000000d5580000,0x00000000d5580000,0x00000000d6180000)
  from space 2048K, 81% used [0x00000000d6180000,0x00000000d6322910,0x00000000d6380000)
  to   space 2560K, 0% used [0x00000000d6400000,0x00000000d6400000,0x00000000d6680000)
 ParOldGen       total 103936K, used 103735K [0x0000000080000000, 0x0000000086580000, 0x00000000d5580000)
  object space 103936K, 99% used [0x0000000080000000,0x000000008654df08,0x0000000086580000)
 Metaspace       used 70532K, committed 72000K, reserved 1114112K
  class space    used 7407K, committed 8064K, reserved 1048576K
}
Event: 108.110 GC heap before
{Heap before GC invocations=111 (full 3):
 PSYoungGen      total 14336K, used 13962K [0x00000000d5580000, 0x00000000d6680000, 0x0000000100000000)
  eden space 12288K, 100% used [0x00000000d5580000,0x00000000d6180000,0x00000000d6180000)
  from space 2048K, 81% used [0x00000000d6180000,0x00000000d6322910,0x00000000d6380000)
  to   space 2560K, 0% used [0x00000000d6400000,0x00000000d6400000,0x00000000d6680000)
 ParOldGen       total 103936K, used 103735K [0x0000000080000000, 0x0000000086580000, 0x00000000d5580000)
  object space 103936K, 99% used [0x0000000080000000,0x000000008654df08,0x0000000086580000)
 Metaspace       used 70568K, committed 72000K, reserved 1114112K
  class space    used 7407K, committed 8064K, reserved 1048576K
}
Event: 108.116 GC heap after
{Heap after GC invocations=111 (full 3):
 PSYoungGen      total 13824K, used 1060K [0x00000000d5580000, 0x00000000d6580000, 0x0000000100000000)
  eden space 12288K, 0% used [0x00000000d5580000,0x00000000d5580000,0x00000000d6180000)
  from space 1536K, 69% used [0x00000000d6400000,0x00000000d6509210,0x00000000d6580000)
  to   space 1536K, 0% used [0x00000000d6280000,0x00000000d6280000,0x00000000d6400000)
 ParOldGen       total 105472K, used 105224K [0x0000000080000000, 0x0000000086700000, 0x00000000d5580000)
  object space 105472K, 99% used [0x0000000080000000,0x00000000866c2098,0x0000000086700000)
 Metaspace       used 70568K, committed 72000K, reserved 1114112K
  class space    used 7407K, committed 8064K, reserved 1048576K
}
Event: 108.338 GC heap before
{Heap before GC invocations=112 (full 3):
 PSYoungGen      total 13824K, used 13348K [0x00000000d5580000, 0x00000000d6580000, 0x0000000100000000)
  eden space 12288K, 100% used [0x00000000d5580000,0x00000000d6180000,0x00000000d6180000)
  from space 1536K, 69% used [0x00000000d6400000,0x00000000d6509210,0x00000000d6580000)
  to   space 1536K, 0% used [0x00000000d6280000,0x00000000d6280000,0x00000000d6400000)
 ParOldGen       total 105472K, used 105224K [0x0000000080000000, 0x0000000086700000, 0x00000000d5580000)
  object space 105472K, 99% used [0x0000000080000000,0x00000000866c2098,0x0000000086700000)
 Metaspace       used 70612K, committed 72128K, reserved 1114112K
  class space    used 7407K, committed 8064K, reserved 1048576K
}
Event: 108.343 GC heap after
{Heap after GC invocations=112 (full 3):
 PSYoungGen      total 13824K, used 1493K [0x00000000d5580000, 0x00000000d6580000, 0x0000000100000000)
  eden space 12288K, 0% used [0x00000000d5580000,0x00000000d5580000,0x00000000d6180000)
  from space 1536K, 97% used [0x00000000d6280000,0x00000000d63f5518,0x00000000d6400000)
  to   space 1536K, 0% used [0x00000000d6400000,0x00000000d6400000,0x00000000d6580000)
 ParOldGen       total 106496K, used 106140K [0x0000000080000000, 0x0000000086800000, 0x00000000d5580000)
  object space 106496K, 99% used [0x0000000080000000,0x00000000867a72b8,0x0000000086800000)
 Metaspace       used 70612K, committed 72128K, reserved 1114112K
  class space    used 7407K, committed 8064K, reserved 1048576K
}
Event: 108.634 GC heap before
{Heap before GC invocations=113 (full 3):
 PSYoungGen      total 13824K, used 13781K [0x00000000d5580000, 0x00000000d6580000, 0x0000000100000000)
  eden space 12288K, 100% used [0x00000000d5580000,0x00000000d6180000,0x00000000d6180000)
  from space 1536K, 97% used [0x00000000d6280000,0x00000000d63f5518,0x00000000d6400000)
  to   space 1536K, 0% used [0x00000000d6400000,0x00000000d6400000,0x00000000d6580000)
 ParOldGen       total 106496K, used 106140K [0x0000000080000000, 0x0000000086800000, 0x00000000d5580000)
  object space 106496K, 99% used [0x0000000080000000,0x00000000867a72b8,0x0000000086800000)
 Metaspace       used 70757K, committed 72256K, reserved 1114112K
  class space    used 7408K, committed 8064K, reserved 1048576K
}
Event: 108.640 GC heap after
{Heap after GC invocations=113 (full 3):
 PSYoungGen      total 13312K, used 826K [0x00000000d5580000, 0x00000000d6500000, 0x0000000100000000)
  eden space 12288K, 0% used [0x00000000d5580000,0x00000000d5580000,0x00000000d6180000)
  from space 1024K, 80% used [0x00000000d6400000,0x00000000d64ce900,0x00000000d6500000)
  to   space 1536K, 0% used [0x00000000d6200000,0x00000000d6200000,0x00000000d6380000)
 ParOldGen       total 107520K, used 107345K [0x0000000080000000, 0x0000000086900000, 0x00000000d5580000)
  object space 107520K, 99% used [0x0000000080000000,0x00000000868d4508,0x0000000086900000)
 Metaspace       used 70757K, committed 72256K, reserved 1114112K
  class space    used 7408K, committed 8064K, reserved 1048576K
}
Event: 109.230 GC heap before
{Heap before GC invocations=114 (full 3):
 PSYoungGen      total 13312K, used 13114K [0x00000000d5580000, 0x00000000d6500000, 0x0000000100000000)
  eden space 12288K, 100% used [0x00000000d5580000,0x00000000d6180000,0x00000000d6180000)
  from space 1024K, 80% used [0x00000000d6400000,0x00000000d64ce900,0x00000000d6500000)
  to   space 1536K, 0% used [0x00000000d6200000,0x00000000d6200000,0x00000000d6380000)
 ParOldGen       total 107520K, used 107345K [0x0000000080000000, 0x0000000086900000, 0x00000000d5580000)
  object space 107520K, 99% used [0x0000000080000000,0x00000000868d4508,0x0000000086900000)
 Metaspace       used 70780K, committed 72256K, reserved 1114112K
  class space    used 7408K, committed 8064K, reserved 1048576K
}
Event: 109.232 GC heap after
{Heap after GC invocations=114 (full 3):
 PSYoungGen      total 13824K, used 484K [0x00000000d5580000, 0x00000000d6480000, 0x0000000100000000)
  eden space 12288K, 0% used [0x00000000d5580000,0x00000000d5580000,0x00000000d6180000)
  from space 1536K, 31% used [0x00000000d6200000,0x00000000d6279210,0x00000000d6380000)
  to   space 1024K, 0% used [0x00000000d6380000,0x00000000d6380000,0x00000000d6480000)
 ParOldGen       total 108032K, used 107685K [0x0000000080000000, 0x0000000086980000, 0x00000000d5580000)
  object space 108032K, 99% used [0x0000000080000000,0x0000000086929710,0x0000000086980000)
 Metaspace       used 70780K, committed 72256K, reserved 1114112K
  class space    used 7408K, committed 8064K, reserved 1048576K
}
Event: 109.465 GC heap before
{Heap before GC invocations=115 (full 3):
 PSYoungGen      total 13824K, used 12772K [0x00000000d5580000, 0x00000000d6480000, 0x0000000100000000)
  eden space 12288K, 100% used [0x00000000d5580000,0x00000000d6180000,0x00000000d6180000)
  from space 1536K, 31% used [0x00000000d6200000,0x00000000d6279210,0x00000000d6380000)
  to   space 1024K, 0% used [0x00000000d6380000,0x00000000d6380000,0x00000000d6480000)
 ParOldGen       total 108032K, used 107685K [0x0000000080000000, 0x0000000086980000, 0x00000000d5580000)
  object space 108032K, 99% used [0x0000000080000000,0x0000000086929710,0x0000000086980000)
 Metaspace       used 70857K, committed 72320K, reserved 1114112K
  class space    used 7409K, committed 8064K, reserved 1048576K
}
Event: 109.467 GC heap after
{Heap after GC invocations=115 (full 3):
 PSYoungGen      total 13312K, used 820K [0x00000000d5580000, 0x00000000d6480000, 0x0000000100000000)
  eden space 12288K, 0% used [0x00000000d5580000,0x00000000d5580000,0x00000000d6180000)
  from space 1024K, 80% used [0x00000000d6380000,0x00000000d644d200,0x00000000d6480000)
  to   space 1024K, 0% used [0x00000000d6280000,0x00000000d6280000,0x00000000d6380000)
 ParOldGen       total 108032K, used 107765K [0x0000000080000000, 0x0000000086980000, 0x00000000d5580000)
  object space 108032K, 99% used [0x0000000080000000,0x000000008693d710,0x0000000086980000)
 Metaspace       used 70857K, committed 72320K, reserved 1114112K
  class space    used 7409K, committed 8064K, reserved 1048576K
}
Event: 109.846 GC heap before
{Heap before GC invocations=116 (full 3):
 PSYoungGen      total 13312K, used 13108K [0x00000000d5580000, 0x00000000d6480000, 0x0000000100000000)
  eden space 12288K, 100% used [0x00000000d5580000,0x00000000d6180000,0x00000000d6180000)
  from space 1024K, 80% used [0x00000000d6380000,0x00000000d644d200,0x00000000d6480000)
  to   space 1024K, 0% used [0x00000000d6280000,0x00000000d6280000,0x00000000d6380000)
 ParOldGen       total 108032K, used 107765K [0x0000000080000000, 0x0000000086980000, 0x00000000d5580000)
  object space 108032K, 99% used [0x0000000080000000,0x000000008693d710,0x0000000086980000)
 Metaspace       used 70883K, committed 72384K, reserved 1114112K
  class space    used 7409K, committed 8064K, reserved 1048576K
}
Event: 109.852 GC heap after
{Heap after GC invocations=116 (full 3):
 PSYoungGen      total 13312K, used 1012K [0x00000000d5580000, 0x00000000d6780000, 0x0000000100000000)
  eden space 12288K, 0% used [0x00000000d5580000,0x00000000d5580000,0x00000000d6180000)
  from space 1024K, 98% used [0x00000000d6280000,0x00000000d637d210,0x00000000d6380000)
  to   space 3072K, 0% used [0x00000000d6480000,0x00000000d6480000,0x00000000d6780000)
 ParOldGen       total 109568K, used 109074K [0x0000000080000000, 0x0000000086b00000, 0x00000000d5580000)
  object space 109568K, 99% used [0x0000000080000000,0x0000000086a84990,0x0000000086b00000)
 Metaspace       used 70883K, committed 72384K, reserved 1114112K
  class space    used 7409K, committed 8064K, reserved 1048576K
}
Event: 110.313 GC heap before
{Heap before GC invocations=117 (full 3):
 PSYoungGen      total 13312K, used 13300K [0x00000000d5580000, 0x00000000d6780000, 0x0000000100000000)
  eden space 12288K, 100% used [0x00000000d5580000,0x00000000d6180000,0x00000000d6180000)
  from space 1024K, 98% used [0x00000000d6280000,0x00000000d637d210,0x00000000d6380000)
  to   space 3072K, 0% used [0x00000000d6480000,0x00000000d6480000,0x00000000d6780000)
 ParOldGen       total 109568K, used 109074K [0x0000000080000000, 0x0000000086b00000, 0x00000000d5580000)
  object space 109568K, 99% used [0x0000000080000000,0x0000000086a84990,0x0000000086b00000)
 Metaspace       used 71002K, committed 72512K, reserved 1114112K
  class space    used 7409K, committed 8064K, reserved 1048576K
}
Event: 110.317 GC heap after
{Heap after GC invocations=117 (full 3):
 PSYoungGen      total 13312K, used 740K [0x00000000d5580000, 0x00000000d6580000, 0x0000000100000000)
  eden space 12288K, 0% used [0x00000000d5580000,0x00000000d5580000,0x00000000d6180000)
  from space 1024K, 72% used [0x00000000d6480000,0x00000000d6539210,0x00000000d6580000)
  to   space 1536K, 0% used [0x00000000d6280000,0x00000000d6280000,0x00000000d6400000)
 ParOldGen       total 110080K, used 109966K [0x0000000080000000, 0x0000000086b80000, 0x00000000d5580000)
  object space 110080K, 99% used [0x0000000080000000,0x0000000086b63ba0,0x0000000086b80000)
 Metaspace       used 71002K, committed 72512K, reserved 1114112K
  class space    used 7409K, committed 8064K, reserved 1048576K
}
Event: 110.542 GC heap before
{Heap before GC invocations=118 (full 3):
 PSYoungGen      total 13312K, used 13028K [0x00000000d5580000, 0x00000000d6580000, 0x0000000100000000)
  eden space 12288K, 100% used [0x00000000d5580000,0x00000000d6180000,0x00000000d6180000)
  from space 1024K, 72% used [0x00000000d6480000,0x00000000d6539210,0x00000000d6580000)
  to   space 1536K, 0% used [0x00000000d6280000,0x00000000d6280000,0x00000000d6400000)
 ParOldGen       total 110080K, used 109966K [0x0000000080000000, 0x0000000086b80000, 0x00000000d5580000)
  object space 110080K, 99% used [0x0000000080000000,0x0000000086b63ba0,0x0000000086b80000)
 Metaspace       used 71013K, committed 72512K, reserved 1114112K
  class space    used 7409K, committed 8064K, reserved 1048576K
}
Event: 110.548 GC heap after
{Heap after GC invocations=118 (full 3):
 PSYoungGen      total 13824K, used 1504K [0x00000000d5580000, 0x00000000d6680000, 0x0000000100000000)
  eden space 12288K, 0% used [0x00000000d5580000,0x00000000d5580000,0x00000000d6180000)
  from space 1536K, 97% used [0x00000000d6280000,0x00000000d63f8020,0x00000000d6400000)
  to   space 2560K, 0% used [0x00000000d6400000,0x00000000d6400000,0x00000000d6680000)
 ParOldGen       total 111104K, used 110613K [0x0000000080000000, 0x0000000086c80000, 0x00000000d5580000)
  object space 111104K, 99% used [0x0000000080000000,0x0000000086c057e8,0x0000000086c80000)
 Metaspace       used 71013K, committed 72512K, reserved 1114112K
  class space    used 7409K, committed 8064K, reserved 1048576K
}
Event: 111.688 GC heap before
{Heap before GC invocations=119 (full 3):
 PSYoungGen      total 13824K, used 13792K [0x00000000d5580000, 0x00000000d6680000, 0x0000000100000000)
  eden space 12288K, 100% used [0x00000000d5580000,0x00000000d6180000,0x00000000d6180000)
  from space 1536K, 97% used [0x00000000d6280000,0x00000000d63f8020,0x00000000d6400000)
  to   space 2560K, 0% used [0x00000000d6400000,0x00000000d6400000,0x00000000d6680000)
 ParOldGen       total 111104K, used 110613K [0x0000000080000000, 0x0000000086c80000, 0x00000000d5580000)
  object space 111104K, 99% used [0x0000000080000000,0x0000000086c057e8,0x0000000086c80000)
 Metaspace       used 71045K, committed 72512K, reserved 1114112K
  class space    used 7410K, committed 8064K, reserved 1048576K
}
Event: 112.684 GC heap after
{Heap after GC invocations=119 (full 3):
 PSYoungGen      total 14336K, used 1716K [0x00000000d5580000, 0x00000000d6600000, 0x0000000100000000)
  eden space 12288K, 0% used [0x00000000d5580000,0x00000000d5580000,0x00000000d6180000)
  from space 2048K, 83% used [0x00000000d6400000,0x00000000d65ad200,0x00000000d6600000)
  to   space 2048K, 0% used [0x00000000d6200000,0x00000000d6200000,0x00000000d6400000)
 ParOldGen       total 112128K, used 111982K [0x0000000080000000, 0x0000000086d80000, 0x00000000d5580000)
  object space 112128K, 99% used [0x0000000080000000,0x0000000086d5b868,0x0000000086d80000)
 Metaspace       used 71045K, committed 72512K, reserved 1114112K
  class space    used 7410K, committed 8064K, reserved 1048576K
}

