# JRE version: OpenJDK Runtime Environment Temurin-21.0.11+10 (21.0.11+10) (build 21.0.11+10-LTS)
# Java VM: OpenJDK 64-Bit Server VM Temurin-21.0.11+10 (21.0.11+10-LTS, mixed mode, sharing, tiered, compressed oops, compressed class ptrs, parallel gc, windows-amd64)
GC Precious Log:
 CardTable entry size: 512
 CPUs: 12 total, 12 available
 Memory: 7915M
 Large Page Support: Disabled
 NUMA Support: Disabled
 Compressed Oops: Enabled (32-bit)
 Alignments: Space 512K, Generation 512K, Heap 2M
 Heap Min Capacity: 100M
 Heap Initial Capacity: 100M
 Heap Max Capacity: 2G
 Pre-touch: Disabled
 Parallel Workers: 10
Heap:
 PSYoungGen      total 17408K, used 8836K [0x00000000d5580000, 0x00000000d6b80000, 0x0000000100000000)
  eden space 16384K, 47% used [0x00000000d5580000,0x00000000d5d26c78,0x00000000d6580000)
  from space 1024K, 97% used [0x00000000d6900000,0x00000000d69fa400,0x00000000d6a00000)
  to   space 3072K, 0% used [0x00000000d6580000,0x00000000d6580000,0x00000000d6880000)
 ParOldGen       total 1398272K, used 1242789K [0x0000000080000000, 0x00000000d5580000, 0x00000000d5580000)
  object space 1398272K, 88% used [0x0000000080000000,0x00000000cbda9718,0x00000000d5580000)
 Metaspace       used 104758K, committed 106624K, reserved 1179648K
  class space    used 9986K, committed 10816K, reserved 1048576K
GC Heap History (20 events):
Event: 16524.390 GC heap before
{Heap before GC invocations=26264 (full 55):
 PSYoungGen      total 10240K, used 10213K [0x00000000d5580000, 0x00000000d6980000, 0x0000000100000000)
  eden space 8192K, 100% used [0x00000000d5580000,0x00000000d5d80000,0x00000000d5d80000)
  from space 2048K, 98% used [0x00000000d6580000,0x00000000d6779470,0x00000000d6780000)
  to   space 6144K, 0% used [0x00000000d5d80000,0x00000000d5d80000,0x00000000d6380000)
 ParOldGen       total 1209344K, used 1209135K [0x0000000080000000, 0x00000000c9d00000, 0x00000000d5580000)
  object space 1209344K, 99% used [0x0000000080000000,0x00000000c9ccbcc8,0x00000000c9d00000)
 Metaspace       used 104753K, committed 106624K, reserved 1179648K
  class space    used 9986K, committed 10816K, reserved 1048576K
}
Event: 16524.400 GC heap after
{Heap after GC invocations=26264 (full 55):
 PSYoungGen      total 14336K, used 6144K [0x00000000d5580000, 0x00000000d7480000, 0x0000000100000000)
  eden space 8192K, 0% used [0x00000000d5580000,0x00000000d5580000,0x00000000d5d80000)
  from space 6144K, 100% used [0x00000000d5d80000,0x00000000d6380000,0x00000000d6380000)
  to   space 11776K, 0% used [0x00000000d6900000,0x00000000d6900000,0x00000000d7480000)
 ParOldGen       total 1213440K, used 1213220K [0x0000000080000000, 0x00000000ca100000, 0x00000000d5580000)
  object space 1213440K, 99% used [0x0000000080000000,0x00000000ca0c9148,0x00000000ca100000)
 Metaspace       used 104753K, committed 106624K, reserved 1179648K
  class space    used 9986K, committed 10816K, reserved 1048576K
}
Event: 16524.429 GC heap before
{Heap before GC invocations=26265 (full 55):
 PSYoungGen      total 14336K, used 13516K [0x00000000d5580000, 0x00000000d7480000, 0x0000000100000000)
  eden space 8192K, 89% used [0x00000000d5580000,0x00000000d5cb3250,0x00000000d5d80000)
  from space 6144K, 100% used [0x00000000d5d80000,0x00000000d6380000,0x00000000d6380000)
  to   space 11776K, 0% used [0x00000000d6900000,0x00000000d6900000,0x00000000d7480000)
 ParOldGen       total 1213440K, used 1213220K [0x0000000080000000, 0x00000000ca100000, 0x00000000d5580000)
  object space 1213440K, 99% used [0x0000000080000000,0x00000000ca0c9148,0x00000000ca100000)
 Metaspace       used 104753K, committed 106624K, reserved 1179648K
  class space    used 9986K, committed 10816K, reserved 1048576K
}
Event: 16524.440 GC heap after
{Heap after GC invocations=26265 (full 55):
 PSYoungGen      total 16384K, used 5706K [0x00000000d5580000, 0x00000000d6f00000, 0x0000000100000000)
  eden space 10240K, 0% used [0x00000000d5580000,0x00000000d5580000,0x00000000d5f80000)
  from space 6144K, 92% used [0x00000000d6900000,0x00000000d6e92a30,0x00000000d6f00000)
  to   space 7680K, 0% used [0x00000000d6000000,0x00000000d6000000,0x00000000d6780000)
 ParOldGen       total 1219584K, used 1219428K [0x0000000080000000, 0x00000000ca700000, 0x00000000d5580000)
  object space 1219584K, 99% used [0x0000000080000000,0x00000000ca6d9148,0x00000000ca700000)
 Metaspace       used 104753K, committed 106624K, reserved 1179648K
  class space    used 9986K, committed 10816K, reserved 1048576K
}
Event: 16524.478 GC heap before
{Heap before GC invocations=26266 (full 55):
 PSYoungGen      total 16384K, used 15946K [0x00000000d5580000, 0x00000000d6f00000, 0x0000000100000000)
  eden space 10240K, 100% used [0x00000000d5580000,0x00000000d5f80000,0x00000000d5f80000)
  from space 6144K, 92% used [0x00000000d6900000,0x00000000d6e92a30,0x00000000d6f00000)
  to   space 7680K, 0% used [0x00000000d6000000,0x00000000d6000000,0x00000000d6780000)
 ParOldGen       total 1219584K, used 1219428K [0x0000000080000000, 0x00000000ca700000, 0x00000000d5580000)
  object space 1219584K, 99% used [0x0000000080000000,0x00000000ca6d9148,0x00000000ca700000)
 Metaspace       used 104753K, committed 106624K, reserved 1179648K
  class space    used 9986K, committed 10816K, reserved 1048576K
}
Event: 16524.487 GC heap after
{Heap after GC invocations=26266 (full 55):
 PSYoungGen      total 18432K, used 7318K [0x00000000d5580000, 0x00000000d7080000, 0x0000000100000000)
  eden space 10752K, 0% used [0x00000000d5580000,0x00000000d5580000,0x00000000d6000000)
  from space 7680K, 95% used [0x00000000d6000000,0x00000000d6725b30,0x00000000d6780000)
  to   space 7680K, 0% used [0x00000000d6900000,0x00000000d6900000,0x00000000d7080000)
 ParOldGen       total 1224704K, used 1224662K [0x0000000080000000, 0x00000000cac00000, 0x00000000d5580000)
  object space 1224704K, 99% used [0x0000000080000000,0x00000000cabf5bf8,0x00000000cac00000)
 Metaspace       used 104753K, committed 106624K, reserved 1179648K
  class space    used 9986K, committed 10816K, reserved 1048576K
}
Event: 16524.622 GC heap before
{Heap before GC invocations=26267 (full 55):
 PSYoungGen      total 18432K, used 18070K [0x00000000d5580000, 0x00000000d7080000, 0x0000000100000000)
  eden space 10752K, 100% used [0x00000000d5580000,0x00000000d6000000,0x00000000d6000000)
  from space 7680K, 95% used [0x00000000d6000000,0x00000000d6725b30,0x00000000d6780000)
  to   space 7680K, 0% used [0x00000000d6900000,0x00000000d6900000,0x00000000d7080000)
 ParOldGen       total 1224704K, used 1224662K [0x0000000080000000, 0x00000000cac00000, 0x00000000d5580000)
  object space 1224704K, 99% used [0x0000000080000000,0x00000000cabf5bf8,0x00000000cac00000)
 Metaspace       used 104755K, committed 106624K, reserved 1179648K
  class space    used 9986K, committed 10816K, reserved 1048576K
}
Event: 16524.628 GC heap after
{Heap after GC invocations=26267 (full 55):
 PSYoungGen      total 13824K, used 3034K [0x00000000d5580000, 0x00000000d6c00000, 0x0000000100000000)
  eden space 10752K, 0% used [0x00000000d5580000,0x00000000d5580000,0x00000000d6000000)
  from space 3072K, 98% used [0x00000000d6900000,0x00000000d6bf6900,0x00000000d6c00000)
  to   space 5120K, 0% used [0x00000000d6200000,0x00000000d6200000,0x00000000d6700000)
 ParOldGen       total 1226240K, used 1225854K [0x0000000080000000, 0x00000000cad80000, 0x00000000d5580000)
  object space 1226240K, 99% used [0x0000000080000000,0x00000000cad1fbf8,0x00000000cad80000)
 Metaspace       used 104755K, committed 106624K, reserved 1179648K
  class space    used 9986K, committed 10816K, reserved 1048576K
}
Event: 16524.657 GC heap before
{Heap before GC invocations=26268 (full 55):
 PSYoungGen      total 13824K, used 13786K [0x00000000d5580000, 0x00000000d6c00000, 0x0000000100000000)
  eden space 10752K, 100% used [0x00000000d5580000,0x00000000d6000000,0x00000000d6000000)
  from space 3072K, 98% used [0x00000000d6900000,0x00000000d6bf6900,0x00000000d6c00000)
  to   space 5120K, 0% used [0x00000000d6200000,0x00000000d6200000,0x00000000d6700000)
 ParOldGen       total 1226240K, used 1225854K [0x0000000080000000, 0x00000000cad80000, 0x00000000d5580000)
  object space 1226240K, 99% used [0x0000000080000000,0x00000000cad1fbf8,0x00000000cad80000)
 Metaspace       used 104755K, committed 106624K, reserved 1179648K
  class space    used 9986K, committed 10816K, reserved 1048576K
}
Event: 16524.665 GC heap after
{Heap after GC invocations=26268 (full 55):
 PSYoungGen      total 15872K, used 5093K [0x00000000d5580000, 0x00000000d7b00000, 0x0000000100000000)
  eden space 10752K, 0% used [0x00000000d5580000,0x00000000d5580000,0x00000000d6000000)
  from space 5120K, 99% used [0x00000000d6200000,0x00000000d66f9400,0x00000000d6700000)
  to   space 13824K, 0% used [0x00000000d6d80000,0x00000000d6d80000,0x00000000d7b00000)
 ParOldGen       total 1232896K, used 1232827K [0x0000000080000000, 0x00000000cb400000, 0x00000000d5580000)
  object space 1232896K, 99% used [0x0000000080000000,0x00000000cb3eedf8,0x00000000cb400000)
 Metaspace       used 104755K, committed 106624K, reserved 1179648K
  class space    used 9986K, committed 10816K, reserved 1048576K
}
Event: 16524.764 GC heap before
{Heap before GC invocations=26269 (full 55):
 PSYoungGen      total 15872K, used 15845K [0x00000000d5580000, 0x00000000d7b00000, 0x0000000100000000)
  eden space 10752K, 100% used [0x00000000d5580000,0x00000000d6000000,0x00000000d6000000)
  from space 5120K, 99% used [0x00000000d6200000,0x00000000d66f9400,0x00000000d6700000)
  to   space 13824K, 0% used [0x00000000d6d80000,0x00000000d6d80000,0x00000000d7b00000)
 ParOldGen       total 1232896K, used 1232827K [0x0000000080000000, 0x00000000cb400000, 0x00000000d5580000)
  object space 1232896K, 99% used [0x0000000080000000,0x00000000cb3eedf8,0x00000000cb400000)
 Metaspace       used 104755K, committed 106624K, reserved 1179648K
  class space    used 9986K, committed 10816K, reserved 1048576K
}
Event: 16524.774 GC heap after
{Heap after GC invocations=26269 (full 55):
 PSYoungGen      total 20992K, used 10213K [0x00000000d5580000, 0x00000000d7780000, 0x0000000100000000)
  eden space 10752K, 0% used [0x00000000d5580000,0x00000000d5580000,0x00000000d6000000)
  from space 10240K, 99% used [0x00000000d6d80000,0x00000000d7779400,0x00000000d7780000)
  to   space 11264K, 0% used [0x00000000d6180000,0x00000000d6180000,0x00000000d6c80000)
 ParOldGen       total 1238016K, used 1237744K [0x0000000080000000, 0x00000000cb900000, 0x00000000d5580000)
  object space 1238016K, 99% used [0x0000000080000000,0x00000000cb8bc1f8,0x00000000cb900000)
 Metaspace       used 104755K, committed 106624K, reserved 1179648K
  class space    used 9986K, committed 10816K, reserved 1048576K
}
Event: 16524.800 GC heap before
{Heap before GC invocations=26270 (full 55):
 PSYoungGen      total 20992K, used 20965K [0x00000000d5580000, 0x00000000d7780000, 0x0000000100000000)
  eden space 10752K, 100% used [0x00000000d5580000,0x00000000d6000000,0x00000000d6000000)
  from space 10240K, 99% used [0x00000000d6d80000,0x00000000d7779400,0x00000000d7780000)
  to   space 11264K, 0% used [0x00000000d6180000,0x00000000d6180000,0x00000000d6c80000)
 ParOldGen       total 1238016K, used 1237744K [0x0000000080000000, 0x00000000cb900000, 0x00000000d5580000)
  object space 1238016K, 99% used [0x0000000080000000,0x00000000cb8bc1f8,0x00000000cb900000)
 Metaspace       used 104758K, committed 106624K, reserved 1179648K
  class space    used 9986K, committed 10816K, reserved 1048576K
}
Event: 16524.810 GC heap after
{Heap after GC invocations=26270 (full 55):
 PSYoungGen      total 11264K, used 474K [0x00000000d5580000, 0x00000000d6e00000, 0x0000000100000000)
  eden space 10752K, 0% used [0x00000000d5580000,0x00000000d5580000,0x00000000d6000000)
  from space 512K, 92% used [0x00000000d6180000,0x00000000d61f6900,0x00000000d6200000)
  to   space 4608K, 0% used [0x00000000d6980000,0x00000000d6980000,0x00000000d6e00000)
 ParOldGen       total 1240064K, used 1239704K [0x0000000080000000, 0x00000000cbb00000, 0x00000000d5580000)
  object space 1240064K, 99% used [0x0000000080000000,0x00000000cbaa61f8,0x00000000cbb00000)
 Metaspace       used 104758K, committed 106624K, reserved 1179648K
  class space    used 9986K, committed 10816K, reserved 1048576K
}
Event: 16524.824 GC heap before
{Heap before GC invocations=26271 (full 55):
 PSYoungGen      total 11264K, used 11226K [0x00000000d5580000, 0x00000000d6e00000, 0x0000000100000000)
  eden space 10752K, 100% used [0x00000000d5580000,0x00000000d6000000,0x00000000d6000000)
  from space 512K, 92% used [0x00000000d6180000,0x00000000d61f6900,0x00000000d6200000)
  to   space 4608K, 0% used [0x00000000d6980000,0x00000000d6980000,0x00000000d6e00000)
 ParOldGen       total 1240064K, used 1239704K [0x0000000080000000, 0x00000000cbb00000, 0x00000000d5580000)
  object space 1240064K, 99% used [0x0000000080000000,0x00000000cbaa61f8,0x00000000cbb00000)
 Metaspace       used 104758K, committed 106624K, reserved 1179648K
  class space    used 9986K, committed 10816K, reserved 1048576K
}
Event: 16524.828 GC heap after
{Heap after GC invocations=26271 (full 55):
 PSYoungGen      total 14336K, used 896K [0x00000000d5580000, 0x00000000d6a80000, 0x0000000100000000)
  eden space 13312K, 0% used [0x00000000d5580000,0x00000000d5580000,0x00000000d6280000)
  from space 1024K, 87% used [0x00000000d6980000,0x00000000d6a60000,0x00000000d6a80000)
  to   space 1536K, 0% used [0x00000000d6780000,0x00000000d6780000,0x00000000d6900000)
 ParOldGen       total 1240064K, used 1239972K [0x0000000080000000, 0x00000000cbb00000, 0x00000000d5580000)
  object space 1240064K, 99% used [0x0000000080000000,0x00000000cbae93f8,0x00000000cbb00000)
 Metaspace       used 104758K, committed 106624K, reserved 1179648K
  class space    used 9986K, committed 10816K, reserved 1048576K
}
Event: 16525.012 GC heap before
{Heap before GC invocations=26272 (full 55):
 PSYoungGen      total 14336K, used 14208K [0x00000000d5580000, 0x00000000d6a80000, 0x0000000100000000)
  eden space 13312K, 100% used [0x00000000d5580000,0x00000000d6280000,0x00000000d6280000)
  from space 1024K, 87% used [0x00000000d6980000,0x00000000d6a60000,0x00000000d6a80000)
  to   space 1536K, 0% used [0x00000000d6780000,0x00000000d6780000,0x00000000d6900000)
 ParOldGen       total 1240064K, used 1239972K [0x0000000080000000, 0x00000000cbb00000, 0x00000000d5580000)
  object space 1240064K, 99% used [0x0000000080000000,0x00000000cbae93f8,0x00000000cbb00000)
 Metaspace       used 104758K, committed 106624K, reserved 1179648K
  class space    used 9986K, committed 10816K, reserved 1048576K
}
Event: 16525.019 GC heap after
{Heap after GC invocations=26272 (full 55):
 PSYoungGen      total 14848K, used 1508K [0x00000000d5580000, 0x00000000d6a00000, 0x0000000100000000)
  eden space 13312K, 0% used [0x00000000d5580000,0x00000000d5580000,0x00000000d6280000)
  from space 1536K, 98% used [0x00000000d6780000,0x00000000d68f9210,0x00000000d6900000)
  to   space 1024K, 0% used [0x00000000d6900000,0x00000000d6900000,0x00000000d6a00000)
 ParOldGen       total 1241600K, used 1241273K [0x0000000080000000, 0x00000000cbc80000, 0x00000000d5580000)
  object space 1241600K, 99% used [0x0000000080000000,0x00000000cbc2e4c8,0x00000000cbc80000)
 Metaspace       used 104758K, committed 106624K, reserved 1179648K
  class space    used 9986K, committed 10816K, reserved 1048576K
}
Event: 16527.375 GC heap before
{Heap before GC invocations=26273 (full 55):
 PSYoungGen      total 14848K, used 14820K [0x00000000d5580000, 0x00000000d6a00000, 0x0000000100000000)
  eden space 13312K, 100% used [0x00000000d5580000,0x00000000d6280000,0x00000000d6280000)
  from space 1536K, 98% used [0x00000000d6780000,0x00000000d68f9210,0x00000000d6900000)
  to   space 1024K, 0% used [0x00000000d6900000,0x00000000d6900000,0x00000000d6a00000)
 ParOldGen       total 1241600K, used 1241273K [0x0000000080000000, 0x00000000cbc80000, 0x00000000d5580000)
  object space 1241600K, 99% used [0x0000000080000000,0x00000000cbc2e4c8,0x00000000cbc80000)
 Metaspace       used 104758K, committed 106624K, reserved 1179648K
  class space    used 9986K, committed 10816K, reserved 1048576K
}
Event: 16530.405 GC heap after
{Heap after GC invocations=26273 (full 55):
 PSYoungGen      total 17408K, used 1001K [0x00000000d5580000, 0x00000000d6b80000, 0x0000000100000000)
  eden space 16384K, 0% used [0x00000000d5580000,0x00000000d5580000,0x00000000d6580000)
  from space 1024K, 97% used [0x00000000d6900000,0x00000000d69fa400,0x00000000d6a00000)
  to   space 3072K, 0% used [0x00000000d6580000,0x00000000d6580000,0x00000000d6880000)
 ParOldGen       total 1398272K, used 1242789K [0x0000000080000000, 0x00000000d5580000, 0x00000000d5580000)
  object space 1398272K, 88% used [0x0000000080000000,0x00000000cbda9718,0x00000000d5580000)
 Metaspace       used 104758K, committed 106624K, reserved 1179648K
  class space    used 9986K, committed 10816K, reserved 1048576K
}

